++ date
+ echo 'Starting script at Tue Jan 16 23:21:00 CET 2024'
++ whoami
+ echo 'Running as user: alina'
++ pwd
+ echo 'Working directory: /Users/alina/vs-project/project/pipeline_ml'
+ REPO_DIR=/Users/alina/vs-project/project/pipeline_ml
+ SCRIPT_DIR=/Users/alina/vs-project/project/pipeline_ml/scripts
+ FLASK_APP_PATH=/Users/alina/vs-project/project/pipeline_ml/app.py
+ REQUIREMENTS_PATH=/Users/alina/vs-project/project/pipeline_ml/requirements.txt
+ cd /Users/alina/vs-project/project/pipeline_ml
+ git config pull.rebase false
+ git pull origin main
From https://github.com/alinaghania/pipeline_ml
 * branch            main       -> FETCH_HEAD
+ pip install --upgrade pip
+ pip install -r /Users/alina/vs-project/project/pipeline_ml/requirements.txt
+ export FLASK_APP=/Users/alina/vs-project/project/pipeline_ml/app.py
+ FLASK_APP=/Users/alina/vs-project/project/pipeline_ml/app.py
+ flask run --host=0.0.0.0 --port=8081
Traceback (most recent call last):
  File "/Library/Frameworks/Python.framework/Versions/3.11/bin/flask", line 8, in <module>
    sys.exit(main())
             ^^^^^^
  File "/Library/Frameworks/Python.framework/Versions/3.11/lib/python3.11/site-packages/flask/cli.py", line 1064, in main
    cli.main()
  File "/Library/Frameworks/Python.framework/Versions/3.11/lib/python3.11/site-packages/click/core.py", line 1078, in main
    rv = self.invoke(ctx)
         ^^^^^^^^^^^^^^^^
  File "/Library/Frameworks/Python.framework/Versions/3.11/lib/python3.11/site-packages/click/core.py", line 1688, in invoke
    return _process_result(sub_ctx.command.invoke(sub_ctx))
                           ^^^^^^^^^^^^^^^^^^^^^^^^^^^^^^^
  File "/Library/Frameworks/Python.framework/Versions/3.11/lib/python3.11/site-packages/click/core.py", line 1434, in invoke
    return ctx.invoke(self.callback, **ctx.params)
           ^^^^^^^^^^^^^^^^^^^^^^^^^^^^^^^^^^^^^^^
  File "/Library/Frameworks/Python.framework/Versions/3.11/lib/python3.11/site-packages/click/core.py", line 783, in invoke
    return __callback(*args, **kwargs)
           ^^^^^^^^^^^^^^^^^^^^^^^^^^^
  File "/Library/Frameworks/Python.framework/Versions/3.11/lib/python3.11/site-packages/click/decorators.py", line 92, in new_func
    return ctx.invoke(f, obj, *args, **kwargs)
           ^^^^^^^^^^^^^^^^^^^^^^^^^^^^^^^^^^^
  File "/Library/Frameworks/Python.framework/Versions/3.11/lib/python3.11/site-packages/click/core.py", line 783, in invoke
    return __callback(*args, **kwargs)
           ^^^^^^^^^^^^^^^^^^^^^^^^^^^
  File "/Library/Frameworks/Python.framework/Versions/3.11/lib/python3.11/site-packages/flask/cli.py", line 924, in run_command
    run_simple(
  File "/Library/Frameworks/Python.framework/Versions/3.11/lib/python3.11/site-packages/werkzeug/serving.py", line 1077, in run_simple
    srv = make_server(
          ^^^^^^^^^^^^
  File "/Library/Frameworks/Python.framework/Versions/3.11/lib/python3.11/site-packages/werkzeug/serving.py", line 917, in make_server
    return ThreadedWSGIServer(
           ^^^^^^^^^^^^^^^^^^^
  File "/Library/Frameworks/Python.framework/Versions/3.11/lib/python3.11/site-packages/werkzeug/serving.py", line 779, in __init__
    self.socket = socket.fromfd(fd, address_family, socket.SOCK_STREAM)
                  ^^^^^^^^^^^^^^^^^^^^^^^^^^^^^^^^^^^^^^^^^^^^^^^^^^^^^
  File "/Library/Frameworks/Python.framework/Versions/3.11/lib/python3.11/socket.py", line 546, in fromfd
    nfd = dup(fd)
          ^^^^^^^
OSError: [Errno 9] Bad file descriptor
++ date
+ echo 'Starting script at Tue Jan 16 23:22:51 CET 2024'
++ whoami
+ echo 'Running as user: alina'
++ pwd
+ echo 'Working directory: /Users/alina/vs-project/project/pipeline_ml'
+ REPO_DIR=/Users/alina/vs-project/project/pipeline_ml
+ SCRIPT_DIR=/Users/alina/vs-project/project/pipeline_ml/scripts
+ FLASK_APP_PATH=/Users/alina/vs-project/project/pipeline_ml/app.py
+ REQUIREMENTS_PATH=/Users/alina/vs-project/project/pipeline_ml/requirements.txt
+ cd /Users/alina/vs-project/project/pipeline_ml
+ git config pull.rebase false
+ git pull origin main
From https://github.com/alinaghania/pipeline_ml
 * branch            main       -> FETCH_HEAD
+ pip install --upgrade pip
+ pip install -r /Users/alina/vs-project/project/pipeline_ml/requirements.txt
+ export FLASK_APP=/Users/alina/vs-project/project/pipeline_ml/app.py
+ FLASK_APP=/Users/alina/vs-project/project/pipeline_ml/app.py
+ flask run --host=0.0.0.0 --port=8081
[31m[1mWARNING: This is a development server. Do not use it in a production deployment. Use a production WSGI server instead.[0m
 * Running on all addresses (0.0.0.0)
 * Running on http://127.0.0.1:8081
 * Running on http://10.188.233.214:8081
[33mPress CTRL+C to quit[0m
++ date
+ echo 'Starting script at Tue Jan 16 23:23:10 CET 2024'
++ whoami
+ echo 'Running as user: alina'
++ pwd
+ echo 'Working directory: /Users/alina/vs-project/project/pipeline_ml'
+ REPO_DIR=/Users/alina/vs-project/project/pipeline_ml
+ SCRIPT_DIR=/Users/alina/vs-project/project/pipeline_ml/scripts
+ FLASK_APP_PATH=/Users/alina/vs-project/project/pipeline_ml/app.py
+ REQUIREMENTS_PATH=/Users/alina/vs-project/project/pipeline_ml/requirements.txt
+ cd /Users/alina/vs-project/project/pipeline_ml
+ git config pull.rebase false
+ git pull origin main
From https://github.com/alinaghania/pipeline_ml
 * branch            main       -> FETCH_HEAD
+ pip install --upgrade pip
+ pip install -r /Users/alina/vs-project/project/pipeline_ml/requirements.txt
+ export FLASK_APP=/Users/alina/vs-project/project/pipeline_ml/app.py
+ FLASK_APP=/Users/alina/vs-project/project/pipeline_ml/app.py
+ flask run --host=0.0.0.0 --port=8081
[31m[1mWARNING: This is a development server. Do not use it in a production deployment. Use a production WSGI server instead.[0m
 * Running on all addresses (0.0.0.0)
 * Running on http://127.0.0.1:8081
 * Running on http://10.188.233.214:8081
[33mPress CTRL+C to quit[0m
++ date
+ echo 'Starting script at Tue Jan 16 23:23:35 CET 2024'
++ whoami
+ echo 'Running as user: alina'
++ pwd
+ echo 'Working directory: /Users/alina/vs-project/project/pipeline_ml'
+ REPO_DIR=/Users/alina/vs-project/project/pipeline_ml
+ SCRIPT_DIR=/Users/alina/vs-project/project/pipeline_ml/scripts
+ FLASK_APP_PATH=/Users/alina/vs-project/project/pipeline_ml/app.py
+ REQUIREMENTS_PATH=/Users/alina/vs-project/project/pipeline_ml/requirements.txt
+ cd /Users/alina/vs-project/project/pipeline_ml
+ git config pull.rebase false
+ git pull origin main
From https://github.com/alinaghania/pipeline_ml
 * branch            main       -> FETCH_HEAD
+ pip install --upgrade pip
+ pip install -r /Users/alina/vs-project/project/pipeline_ml/requirements.txt
+ export FLASK_APP=/Users/alina/vs-project/project/pipeline_ml/app.py
+ FLASK_APP=/Users/alina/vs-project/project/pipeline_ml/app.py
+ flask run --host=0.0.0.0 --port=8081
[31m[1mWARNING: This is a development server. Do not use it in a production deployment. Use a production WSGI server instead.[0m
 * Running on all addresses (0.0.0.0)
 * Running on http://127.0.0.1:8081
 * Running on http://10.188.233.214:8081
[33mPress CTRL+C to quit[0m
+ =8081
./script_launch_app.sh: line 47: =8081: command not found
++ date
+ echo 'Starting script at Tue Jan 16 23:26:34 CET 2024'
++ whoami
+ echo 'Running as user: alina'
++ pwd
+ echo 'Working directory: /Users/alina/vs-project/project/pipeline_ml'
+ REPO_DIR=/Users/alina/vs-project/project/pipeline_ml
+ SCRIPT_DIR=/Users/alina/vs-project/project/pipeline_ml/scripts
+ FLASK_APP_PATH=/Users/alina/vs-project/project/pipeline_ml/app.py
+ REQUIREMENTS_PATH=/Users/alina/vs-project/project/pipeline_ml/requirements.txt
+ cd /Users/alina/vs-project/project/pipeline_ml
+ git config pull.rebase false
+ git pull origin main
From https://github.com/alinaghania/pipeline_ml
 * branch            main       -> FETCH_HEAD
+ pip install --upgrade pip
+ pip install -r /Users/alina/vs-project/project/pipeline_ml/requirements.txt
+ export FLASK_APP=/Users/alina/vs-project/project/pipeline_ml/app.py
+ FLASK_APP=/Users/alina/vs-project/project/pipeline_ml/app.py
+ nohup flask run --host=0.0.0.0 --port=8081
Traceback (most recent call last):
  File "/Library/Frameworks/Python.framework/Versions/3.11/bin/flask", line 8, in <module>
    sys.exit(main())
             ^^^^^^
  File "/Library/Frameworks/Python.framework/Versions/3.11/lib/python3.11/site-packages/flask/cli.py", line 1064, in main
    cli.main()
  File "/Library/Frameworks/Python.framework/Versions/3.11/lib/python3.11/site-packages/click/core.py", line 1078, in main
    rv = self.invoke(ctx)
         ^^^^^^^^^^^^^^^^
  File "/Library/Frameworks/Python.framework/Versions/3.11/lib/python3.11/site-packages/click/core.py", line 1688, in invoke
    return _process_result(sub_ctx.command.invoke(sub_ctx))
                           ^^^^^^^^^^^^^^^^^^^^^^^^^^^^^^^
  File "/Library/Frameworks/Python.framework/Versions/3.11/lib/python3.11/site-packages/click/core.py", line 1434, in invoke
    return ctx.invoke(self.callback, **ctx.params)
           ^^^^^^^^^^^^^^^^^^^^^^^^^^^^^^^^^^^^^^^
  File "/Library/Frameworks/Python.framework/Versions/3.11/lib/python3.11/site-packages/click/core.py", line 783, in invoke
    return __callback(*args, **kwargs)
           ^^^^^^^^^^^^^^^^^^^^^^^^^^^
  File "/Library/Frameworks/Python.framework/Versions/3.11/lib/python3.11/site-packages/click/decorators.py", line 92, in new_func
    return ctx.invoke(f, obj, *args, **kwargs)
           ^^^^^^^^^^^^^^^^^^^^^^^^^^^^^^^^^^^
  File "/Library/Frameworks/Python.framework/Versions/3.11/lib/python3.11/site-packages/click/core.py", line 783, in invoke
    return __callback(*args, **kwargs)
           ^^^^^^^^^^^^^^^^^^^^^^^^^^^
  File "/Library/Frameworks/Python.framework/Versions/3.11/lib/python3.11/site-packages/flask/cli.py", line 924, in run_command
    run_simple(
  File "/Library/Frameworks/Python.framework/Versions/3.11/lib/python3.11/site-packages/werkzeug/serving.py", line 1077, in run_simple
    srv = make_server(
          ^^^^^^^^^^^^
  File "/Library/Frameworks/Python.framework/Versions/3.11/lib/python3.11/site-packages/werkzeug/serving.py", line 917, in make_server
    return ThreadedWSGIServer(
           ^^^^^^^^^^^^^^^^^^^
  File "/Library/Frameworks/Python.framework/Versions/3.11/lib/python3.11/site-packages/werkzeug/serving.py", line 779, in __init__
    self.socket = socket.fromfd(fd, address_family, socket.SOCK_STREAM)
                  ^^^^^^^^^^^^^^^^^^^^^^^^^^^^^^^^^^^^^^^^^^^^^^^^^^^^^
  File "/Library/Frameworks/Python.framework/Versions/3.11/lib/python3.11/socket.py", line 546, in fromfd
    nfd = dup(fd)
          ^^^^^^^
OSError: [Errno 9] Bad file descriptor
