Starting script at Tue Jan 16 23:21:00 CET 2024
Running as user: alina
Working directory: /Users/alina/vs-project/project/pipeline_ml
Already up to date.
Requirement already satisfied: pip in /Library/Frameworks/Python.framework/Versions/3.11/lib/python3.11/site-packages (23.3.2)
Requirement already satisfied: flask in /Library/Frameworks/Python.framework/Versions/3.11/lib/python3.11/site-packages (from -r /Users/alina/vs-project/project/pipeline_ml/requirements.txt (line 1)) (3.0.0)
Requirement already satisfied: pandas in /Library/Frameworks/Python.framework/Versions/3.11/lib/python3.11/site-packages (from -r /Users/alina/vs-project/project/pipeline_ml/requirements.txt (line 2)) (2.1.2)
Requirement already satisfied: Werkzeug>=3.0.0 in /Library/Frameworks/Python.framework/Versions/3.11/lib/python3.11/site-packages (from flask->-r /Users/alina/vs-project/project/pipeline_ml/requirements.txt (line 1)) (3.0.1)
Requirement already satisfied: Jinja2>=3.1.2 in /Library/Frameworks/Python.framework/Versions/3.11/lib/python3.11/site-packages (from flask->-r /Users/alina/vs-project/project/pipeline_ml/requirements.txt (line 1)) (3.1.2)
Requirement already satisfied: itsdangerous>=2.1.2 in /Library/Frameworks/Python.framework/Versions/3.11/lib/python3.11/site-packages (from flask->-r /Users/alina/vs-project/project/pipeline_ml/requirements.txt (line 1)) (2.1.2)
Requirement already satisfied: click>=8.1.3 in /Library/Frameworks/Python.framework/Versions/3.11/lib/python3.11/site-packages (from flask->-r /Users/alina/vs-project/project/pipeline_ml/requirements.txt (line 1)) (8.1.7)
Requirement already satisfied: blinker>=1.6.2 in /Library/Frameworks/Python.framework/Versions/3.11/lib/python3.11/site-packages (from flask->-r /Users/alina/vs-project/project/pipeline_ml/requirements.txt (line 1)) (1.7.0)
Requirement already satisfied: numpy<2,>=1.23.2 in /Library/Frameworks/Python.framework/Versions/3.11/lib/python3.11/site-packages (from pandas->-r /Users/alina/vs-project/project/pipeline_ml/requirements.txt (line 2)) (1.26.1)
Requirement already satisfied: python-dateutil>=2.8.2 in /Users/alina/Library/Python/3.11/lib/python/site-packages (from pandas->-r /Users/alina/vs-project/project/pipeline_ml/requirements.txt (line 2)) (2.8.2)
Requirement already satisfied: pytz>=2020.1 in /Library/Frameworks/Python.framework/Versions/3.11/lib/python3.11/site-packages (from pandas->-r /Users/alina/vs-project/project/pipeline_ml/requirements.txt (line 2)) (2023.3.post1)
Requirement already satisfied: tzdata>=2022.1 in /Library/Frameworks/Python.framework/Versions/3.11/lib/python3.11/site-packages (from pandas->-r /Users/alina/vs-project/project/pipeline_ml/requirements.txt (line 2)) (2023.3)
Requirement already satisfied: MarkupSafe>=2.0 in /Library/Frameworks/Python.framework/Versions/3.11/lib/python3.11/site-packages (from Jinja2>=3.1.2->flask->-r /Users/alina/vs-project/project/pipeline_ml/requirements.txt (line 1)) (2.1.3)
Requirement already satisfied: six>=1.5 in /Users/alina/Library/Python/3.11/lib/python/site-packages (from python-dateutil>=2.8.2->pandas->-r /Users/alina/vs-project/project/pipeline_ml/requirements.txt (line 2)) (1.16.0)
Starting script at Tue Jan 16 23:22:51 CET 2024
Running as user: alina
Working directory: /Users/alina/vs-project/project/pipeline_ml
Already up to date.
Requirement already satisfied: pip in /Library/Frameworks/Python.framework/Versions/3.11/lib/python3.11/site-packages (23.3.2)
Requirement already satisfied: flask in /Library/Frameworks/Python.framework/Versions/3.11/lib/python3.11/site-packages (from -r /Users/alina/vs-project/project/pipeline_ml/requirements.txt (line 1)) (3.0.0)
Requirement already satisfied: pandas in /Library/Frameworks/Python.framework/Versions/3.11/lib/python3.11/site-packages (from -r /Users/alina/vs-project/project/pipeline_ml/requirements.txt (line 2)) (2.1.2)
Requirement already satisfied: Werkzeug>=3.0.0 in /Library/Frameworks/Python.framework/Versions/3.11/lib/python3.11/site-packages (from flask->-r /Users/alina/vs-project/project/pipeline_ml/requirements.txt (line 1)) (3.0.1)
Requirement already satisfied: Jinja2>=3.1.2 in /Library/Frameworks/Python.framework/Versions/3.11/lib/python3.11/site-packages (from flask->-r /Users/alina/vs-project/project/pipeline_ml/requirements.txt (line 1)) (3.1.2)
Requirement already satisfied: itsdangerous>=2.1.2 in /Library/Frameworks/Python.framework/Versions/3.11/lib/python3.11/site-packages (from flask->-r /Users/alina/vs-project/project/pipeline_ml/requirements.txt (line 1)) (2.1.2)
Requirement already satisfied: click>=8.1.3 in /Library/Frameworks/Python.framework/Versions/3.11/lib/python3.11/site-packages (from flask->-r /Users/alina/vs-project/project/pipeline_ml/requirements.txt (line 1)) (8.1.7)
Requirement already satisfied: blinker>=1.6.2 in /Library/Frameworks/Python.framework/Versions/3.11/lib/python3.11/site-packages (from flask->-r /Users/alina/vs-project/project/pipeline_ml/requirements.txt (line 1)) (1.7.0)
Requirement already satisfied: numpy<2,>=1.23.2 in /Library/Frameworks/Python.framework/Versions/3.11/lib/python3.11/site-packages (from pandas->-r /Users/alina/vs-project/project/pipeline_ml/requirements.txt (line 2)) (1.26.1)
Requirement already satisfied: python-dateutil>=2.8.2 in /Users/alina/Library/Python/3.11/lib/python/site-packages (from pandas->-r /Users/alina/vs-project/project/pipeline_ml/requirements.txt (line 2)) (2.8.2)
Requirement already satisfied: pytz>=2020.1 in /Library/Frameworks/Python.framework/Versions/3.11/lib/python3.11/site-packages (from pandas->-r /Users/alina/vs-project/project/pipeline_ml/requirements.txt (line 2)) (2023.3.post1)
Requirement already satisfied: tzdata>=2022.1 in /Library/Frameworks/Python.framework/Versions/3.11/lib/python3.11/site-packages (from pandas->-r /Users/alina/vs-project/project/pipeline_ml/requirements.txt (line 2)) (2023.3)
Requirement already satisfied: MarkupSafe>=2.0 in /Library/Frameworks/Python.framework/Versions/3.11/lib/python3.11/site-packages (from Jinja2>=3.1.2->flask->-r /Users/alina/vs-project/project/pipeline_ml/requirements.txt (line 1)) (2.1.3)
Requirement already satisfied: six>=1.5 in /Users/alina/Library/Python/3.11/lib/python/site-packages (from python-dateutil>=2.8.2->pandas->-r /Users/alina/vs-project/project/pipeline_ml/requirements.txt (line 2)) (1.16.0)
 * Serving Flask app '/Users/alina/vs-project/project/pipeline_ml/app.py'
 * Debug mode: off
Starting script at Tue Jan 16 23:23:10 CET 2024
Running as user: alina
Working directory: /Users/alina/vs-project/project/pipeline_ml
Already up to date.
Requirement already satisfied: pip in /Library/Frameworks/Python.framework/Versions/3.11/lib/python3.11/site-packages (23.3.2)
Requirement already satisfied: flask in /Library/Frameworks/Python.framework/Versions/3.11/lib/python3.11/site-packages (from -r /Users/alina/vs-project/project/pipeline_ml/requirements.txt (line 1)) (3.0.0)
Requirement already satisfied: pandas in /Library/Frameworks/Python.framework/Versions/3.11/lib/python3.11/site-packages (from -r /Users/alina/vs-project/project/pipeline_ml/requirements.txt (line 2)) (2.1.2)
Requirement already satisfied: Werkzeug>=3.0.0 in /Library/Frameworks/Python.framework/Versions/3.11/lib/python3.11/site-packages (from flask->-r /Users/alina/vs-project/project/pipeline_ml/requirements.txt (line 1)) (3.0.1)
Requirement already satisfied: Jinja2>=3.1.2 in /Library/Frameworks/Python.framework/Versions/3.11/lib/python3.11/site-packages (from flask->-r /Users/alina/vs-project/project/pipeline_ml/requirements.txt (line 1)) (3.1.2)
Requirement already satisfied: itsdangerous>=2.1.2 in /Library/Frameworks/Python.framework/Versions/3.11/lib/python3.11/site-packages (from flask->-r /Users/alina/vs-project/project/pipeline_ml/requirements.txt (line 1)) (2.1.2)
Requirement already satisfied: click>=8.1.3 in /Library/Frameworks/Python.framework/Versions/3.11/lib/python3.11/site-packages (from flask->-r /Users/alina/vs-project/project/pipeline_ml/requirements.txt (line 1)) (8.1.7)
Requirement already satisfied: blinker>=1.6.2 in /Library/Frameworks/Python.framework/Versions/3.11/lib/python3.11/site-packages (from flask->-r /Users/alina/vs-project/project/pipeline_ml/requirements.txt (line 1)) (1.7.0)
Requirement already satisfied: numpy<2,>=1.23.2 in /Library/Frameworks/Python.framework/Versions/3.11/lib/python3.11/site-packages (from pandas->-r /Users/alina/vs-project/project/pipeline_ml/requirements.txt (line 2)) (1.26.1)
Requirement already satisfied: python-dateutil>=2.8.2 in /Users/alina/Library/Python/3.11/lib/python/site-packages (from pandas->-r /Users/alina/vs-project/project/pipeline_ml/requirements.txt (line 2)) (2.8.2)
Requirement already satisfied: pytz>=2020.1 in /Library/Frameworks/Python.framework/Versions/3.11/lib/python3.11/site-packages (from pandas->-r /Users/alina/vs-project/project/pipeline_ml/requirements.txt (line 2)) (2023.3.post1)
Requirement already satisfied: tzdata>=2022.1 in /Library/Frameworks/Python.framework/Versions/3.11/lib/python3.11/site-packages (from pandas->-r /Users/alina/vs-project/project/pipeline_ml/requirements.txt (line 2)) (2023.3)
Requirement already satisfied: MarkupSafe>=2.0 in /Library/Frameworks/Python.framework/Versions/3.11/lib/python3.11/site-packages (from Jinja2>=3.1.2->flask->-r /Users/alina/vs-project/project/pipeline_ml/requirements.txt (line 1)) (2.1.3)
Requirement already satisfied: six>=1.5 in /Users/alina/Library/Python/3.11/lib/python/site-packages (from python-dateutil>=2.8.2->pandas->-r /Users/alina/vs-project/project/pipeline_ml/requirements.txt (line 2)) (1.16.0)
 * Serving Flask app '/Users/alina/vs-project/project/pipeline_ml/app.py'
 * Debug mode: off
Starting script at Tue Jan 16 23:23:35 CET 2024
Running as user: alina
Working directory: /Users/alina/vs-project/project/pipeline_ml
Already up to date.
Requirement already satisfied: pip in /Library/Frameworks/Python.framework/Versions/3.11/lib/python3.11/site-packages (23.3.2)
Requirement already satisfied: flask in /Library/Frameworks/Python.framework/Versions/3.11/lib/python3.11/site-packages (from -r /Users/alina/vs-project/project/pipeline_ml/requirements.txt (line 1)) (3.0.0)
Requirement already satisfied: pandas in /Library/Frameworks/Python.framework/Versions/3.11/lib/python3.11/site-packages (from -r /Users/alina/vs-project/project/pipeline_ml/requirements.txt (line 2)) (2.1.2)
Requirement already satisfied: Werkzeug>=3.0.0 in /Library/Frameworks/Python.framework/Versions/3.11/lib/python3.11/site-packages (from flask->-r /Users/alina/vs-project/project/pipeline_ml/requirements.txt (line 1)) (3.0.1)
Requirement already satisfied: Jinja2>=3.1.2 in /Library/Frameworks/Python.framework/Versions/3.11/lib/python3.11/site-packages (from flask->-r /Users/alina/vs-project/project/pipeline_ml/requirements.txt (line 1)) (3.1.2)
Requirement already satisfied: itsdangerous>=2.1.2 in /Library/Frameworks/Python.framework/Versions/3.11/lib/python3.11/site-packages (from flask->-r /Users/alina/vs-project/project/pipeline_ml/requirements.txt (line 1)) (2.1.2)
Requirement already satisfied: click>=8.1.3 in /Library/Frameworks/Python.framework/Versions/3.11/lib/python3.11/site-packages (from flask->-r /Users/alina/vs-project/project/pipeline_ml/requirements.txt (line 1)) (8.1.7)
Requirement already satisfied: blinker>=1.6.2 in /Library/Frameworks/Python.framework/Versions/3.11/lib/python3.11/site-packages (from flask->-r /Users/alina/vs-project/project/pipeline_ml/requirements.txt (line 1)) (1.7.0)
Requirement already satisfied: numpy<2,>=1.23.2 in /Library/Frameworks/Python.framework/Versions/3.11/lib/python3.11/site-packages (from pandas->-r /Users/alina/vs-project/project/pipeline_ml/requirements.txt (line 2)) (1.26.1)
Requirement already satisfied: python-dateutil>=2.8.2 in /Users/alina/Library/Python/3.11/lib/python/site-packages (from pandas->-r /Users/alina/vs-project/project/pipeline_ml/requirements.txt (line 2)) (2.8.2)
Requirement already satisfied: pytz>=2020.1 in /Library/Frameworks/Python.framework/Versions/3.11/lib/python3.11/site-packages (from pandas->-r /Users/alina/vs-project/project/pipeline_ml/requirements.txt (line 2)) (2023.3.post1)
Requirement already satisfied: tzdata>=2022.1 in /Library/Frameworks/Python.framework/Versions/3.11/lib/python3.11/site-packages (from pandas->-r /Users/alina/vs-project/project/pipeline_ml/requirements.txt (line 2)) (2023.3)
Requirement already satisfied: MarkupSafe>=2.0 in /Library/Frameworks/Python.framework/Versions/3.11/lib/python3.11/site-packages (from Jinja2>=3.1.2->flask->-r /Users/alina/vs-project/project/pipeline_ml/requirements.txt (line 1)) (2.1.3)
Requirement already satisfied: six>=1.5 in /Users/alina/Library/Python/3.11/lib/python/site-packages (from python-dateutil>=2.8.2->pandas->-r /Users/alina/vs-project/project/pipeline_ml/requirements.txt (line 2)) (1.16.0)
 * Serving Flask app '/Users/alina/vs-project/project/pipeline_ml/app.py'
 * Debug mode: off
